<?xml version="1.0" encoding="UTF-8"?>
<testng-results ignored="0" total="2" passed="2" failed="0" skipped="0">
  <reporter-output>
  </reporter-output>
  <suite started-at="2022-09-16T14:18:29 IST" name="Default suite" finished-at="2022-09-16T14:18:32 IST" duration-ms="3403">
    <groups>
    </groups>
    <test started-at="2022-09-16T14:18:29 IST" name="Default test" finished-at="2022-09-16T14:18:32 IST" duration-ms="3403">
      <class name="test.SouceDemoLogin">
        <test-method is-config="true" signature="SetUp()[pri:0, instance:test.SouceDemoLogin@1e6454ec]" started-at="2022-09-16T14:18:29 IST" name="SetUp" finished-at="2022-09-16T14:18:30 IST" duration-ms="1432" status="PASS">
          <reporter-output>
          </reporter-output>
        </test-method> <!-- SetUp -->
        <test-method signature="Test1()[pri:0, instance:test.SouceDemoLogin@1e6454ec]" started-at="2022-09-16T14:18:30 IST" name="Test1" finished-at="2022-09-16T14:18:31 IST" duration-ms="264" status="PASS">
          <reporter-output>
          </reporter-output>
        </test-method> <!-- Test1 -->
        <test-method is-config="true" signature="TearDown()[pri:0, instance:test.SouceDemoLogin@1e6454ec]" started-at="2022-09-16T14:18:31 IST" name="TearDown" finished-at="2022-09-16T14:18:31 IST" duration-ms="51" status="PASS">
          <reporter-output>
          </reporter-output>
        </test-method> <!-- TearDown -->
        <test-method is-config="true" signature="SetUp()[pri:0, instance:test.SouceDemoLogin@1e6454ec]" started-at="2022-09-16T14:18:31 IST" name="SetUp" finished-at="2022-09-16T14:18:32 IST" duration-ms="1238" status="PASS">
          <reporter-output>
          </reporter-output>
        </test-method> <!-- SetUp -->
        <test-method signature="Test2()[pri:0, instance:test.SouceDemoLogin@1e6454ec]" started-at="2022-09-16T14:18:32 IST" name="Test2" finished-at="2022-09-16T14:18:32 IST" duration-ms="335" status="PASS">
          <reporter-output>
          </reporter-output>
        </test-method> <!-- Test2 -->
        <test-method is-config="true" signature="TearDown()[pri:0, instance:test.SouceDemoLogin@1e6454ec]" started-at="2022-09-16T14:18:32 IST" name="TearDown" finished-at="2022-09-16T14:18:32 IST" duration-ms="55" status="PASS">
          <reporter-output>
          </reporter-output>
        </test-method> <!-- TearDown -->
      </class> <!-- test.SouceDemoLogin -->
    </test> <!-- Default test -->
  </suite> <!-- Default suite -->
</testng-results>
